2020-02-18 01:03:26,669 [INFO] Activator:176 - 


2020-02-18 01:03:26,671 [INFO] Activator:177 - !SESSION log4j initialized
2020-02-18 01:08:20,612 [INFO] Activator:176 - 


2020-02-18 01:08:20,616 [INFO] Activator:177 - !SESSION log4j initialized
2020-02-18 01:09:15,969 [INFO] Activator:176 - 


2020-02-18 01:09:15,971 [INFO] Activator:177 - !SESSION log4j initialized
2020-02-18 01:09:33,249 [INFO] ApplicationProperties:181 - Using Application install path: D:\ST\STM32CubeIDE_1.1.0\STM32CubeIDE\plugins\com.st.stm32cube.common.mx_5.5.0.201912201511
2020-02-18 01:09:33,260 [INFO] DbMcusXml:69 - Set database path to: D:\ST\STM32CubeIDE_1.1.0\STM32CubeIDE\plugins\com.st.stm32cube.common.mx_5.5.0.201912201511\\db\/mcu/
2020-02-18 01:09:33,268 [INFO] DbBoardsPdsc:54 - Set plugin database path to: D:\ST\STM32CubeIDE_1.1.0\STM32CubeIDE\plugins\com.st.stm32cube.common.mx_5.5.0.201912201511\\db\/plugins/boardmanager/
2020-02-18 01:09:33,268 [INFO] DbMcus:264 - Set plugin images path to: D:\ST\STM32CubeIDE_1.1.0\STM32CubeIDE\plugins\com.st.stm32cube.common.mx_5.5.0.201912201511\\db\/plugins/mcufinder/images/
2020-02-18 01:09:33,268 [INFO] DbBoards:232 - Set plugin images path to: D:\ST\STM32CubeIDE_1.1.0\STM32CubeIDE\plugins\com.st.stm32cube.common.mx_5.5.0.201912201511\\db\/plugins/mcufinder/images/
2020-02-18 01:09:33,269 [INFO] APIGFXSelector:72 - Set database path to: D:\ST\STM32CubeIDE_1.1.0\STM32CubeIDE\plugins\com.st.stm32cube.common.mx_5.5.0.201912201511\\db\/plugins/mcufinder/mcu/
2020-02-18 01:09:33,280 [INFO] DbMcusAds:72 - Set database path to: C:\Users\tamod\.stmcufinder\plugins\mcufinder//mcu/
2020-02-18 01:09:33,281 [INFO] DbMcusDocs:92 - Set database path to: C:\Users\tamod\.stmcufinder\plugins\mcufinder//mcu/
2020-02-18 01:09:33,282 [INFO] DbMcusJson:59 - Set database path to: C:\Users\tamod\.stmcufinder\plugins\mcufinder//mcu/
2020-02-18 01:09:33,282 [INFO] DbBoardsDocs:84 - Set database path to: C:\Users\tamod\.stmcufinder\plugins\mcufinder//mcu/
2020-02-18 01:09:33,283 [INFO] DbBoardsJson:51 - Set database path to: C:\Users\tamod\.stmcufinder\plugins\mcufinder//mcu/
2020-02-18 01:09:33,458 [INFO] CrossReferenceDbSqlite:197 - Set database path to: C:\Users\tamod\.stmcufinder\plugins\mcufinder//mcu/cs/
2020-02-18 01:09:33,562 [INFO] RulesReader:52 - Compatibility file has been processed (205 Rules)
2020-02-18 01:09:33,654 [INFO] MicroXplorer:570 - Detected Java Version = 1.8.0_202
2020-02-18 01:09:33,655 [INFO] DbMcusXml:69 - Set database path to: D:\ST\STM32CubeIDE_1.1.0\STM32CubeIDE\plugins\com.st.stm32cube.common.mx_5.5.0.201912201511\\db\/mcu/
2020-02-18 01:09:33,655 [INFO] DbBoardsPdsc:54 - Set plugin database path to: D:\ST\STM32CubeIDE_1.1.0\STM32CubeIDE\plugins\com.st.stm32cube.common.mx_5.5.0.201912201511\\db\/plugins/boardmanager/
2020-02-18 01:09:33,657 [INFO] DbMcus:264 - Set plugin images path to: D:\ST\STM32CubeIDE_1.1.0\STM32CubeIDE\plugins\com.st.stm32cube.common.mx_5.5.0.201912201511\\db\/plugins/mcufinder/images/
2020-02-18 01:09:33,657 [INFO] DbBoards:232 - Set plugin images path to: D:\ST\STM32CubeIDE_1.1.0\STM32CubeIDE\plugins\com.st.stm32cube.common.mx_5.5.0.201912201511\\db\/plugins/mcufinder/images/
2020-02-18 01:09:33,657 [INFO] APIGFXSelector:72 - Set database path to: D:\ST\STM32CubeIDE_1.1.0\STM32CubeIDE\plugins\com.st.stm32cube.common.mx_5.5.0.201912201511\\db\/plugins/mcufinder/mcu/
2020-02-18 01:09:33,657 [WARN] DbFile:31 - Overriding database path with different value: C:\Users\tamod\.stmcufinder\plugins\mcufinder/ => C:\Users\tamod\.stmcufinder\plugins\mcufinder
2020-02-18 01:09:33,658 [INFO] DbMcusAds:72 - Set database path to: C:\Users\tamod\.stmcufinder\plugins\mcufinder//mcu/
2020-02-18 01:09:33,658 [WARN] DbFile:31 - Overriding database path with different value: C:\Users\tamod\.stmcufinder\plugins\mcufinder/ => C:\Users\tamod\.stmcufinder\plugins\mcufinder
2020-02-18 01:09:33,658 [INFO] DbMcusDocs:92 - Set database path to: C:\Users\tamod\.stmcufinder\plugins\mcufinder//mcu/
2020-02-18 01:09:33,658 [WARN] DbFile:31 - Overriding database path with different value: C:\Users\tamod\.stmcufinder\plugins\mcufinder/ => C:\Users\tamod\.stmcufinder\plugins\mcufinder
2020-02-18 01:09:33,658 [INFO] DbMcusJson:59 - Set database path to: C:\Users\tamod\.stmcufinder\plugins\mcufinder//mcu/
2020-02-18 01:09:33,658 [WARN] DbFile:31 - Overriding database path with different value: C:\Users\tamod\.stmcufinder\plugins\mcufinder/ => C:\Users\tamod\.stmcufinder\plugins\mcufinder
2020-02-18 01:09:33,659 [INFO] DbBoardsDocs:84 - Set database path to: C:\Users\tamod\.stmcufinder\plugins\mcufinder//mcu/
2020-02-18 01:09:33,659 [WARN] DbFile:31 - Overriding database path with different value: C:\Users\tamod\.stmcufinder\plugins\mcufinder/ => C:\Users\tamod\.stmcufinder\plugins\mcufinder
2020-02-18 01:09:33,659 [INFO] DbBoardsJson:51 - Set database path to: C:\Users\tamod\.stmcufinder\plugins\mcufinder//mcu/
2020-02-18 01:09:33,659 [WARN] DbFile:31 - Overriding database path with different value: C:\Users\tamod\.stmcufinder\plugins\mcufinder/ => C:\Users\tamod\.stmcufinder\plugins\mcufinder
2020-02-18 01:09:33,659 [WARN] DbFile:31 - Overriding database path with different value: C:\Users\tamod\.stmcufinder\plugins\mcufinder/ => C:\Users\tamod\.stmcufinder\plugins\mcufinder
2020-02-18 01:09:33,659 [INFO] CrossReferenceDbSqlite:197 - Set database path to: C:\Users\tamod\.stmcufinder\plugins\mcufinder//mcu/cs/
2020-02-18 01:09:33,778 [INFO] MainPanel:180 - HeapMemory: 299892736
2020-02-18 01:09:33,872 [INFO] DbMcusXml:69 - Set database path to: D:\ST\STM32CubeIDE_1.1.0\STM32CubeIDE\plugins\com.st.stm32cube.common.mx_5.5.0.201912201511\\db\/mcu/
2020-02-18 01:09:33,872 [INFO] DbBoardsPdsc:54 - Set plugin database path to: D:\ST\STM32CubeIDE_1.1.0\STM32CubeIDE\plugins\com.st.stm32cube.common.mx_5.5.0.201912201511\\db\/plugins/boardmanager/
2020-02-18 01:09:33,872 [INFO] DbMcus:264 - Set plugin images path to: D:\ST\STM32CubeIDE_1.1.0\STM32CubeIDE\plugins\com.st.stm32cube.common.mx_5.5.0.201912201511\\db\/plugins/mcufinder/images/
2020-02-18 01:09:33,873 [INFO] DbBoards:232 - Set plugin images path to: D:\ST\STM32CubeIDE_1.1.0\STM32CubeIDE\plugins\com.st.stm32cube.common.mx_5.5.0.201912201511\\db\/plugins/mcufinder/images/
2020-02-18 01:09:33,873 [INFO] APIGFXSelector:72 - Set database path to: D:\ST\STM32CubeIDE_1.1.0\STM32CubeIDE\plugins\com.st.stm32cube.common.mx_5.5.0.201912201511\\db\/plugins/mcufinder/mcu/
2020-02-18 01:09:33,874 [WARN] DbFile:31 - Overriding database path with different value: C:\Users\tamod\.stmcufinder\plugins\mcufinder/ => C:\Users\tamod\.stmcufinder\plugins\mcufinder
2020-02-18 01:09:33,874 [INFO] DbMcusAds:72 - Set database path to: C:\Users\tamod\.stmcufinder\plugins\mcufinder//mcu/
2020-02-18 01:09:33,874 [WARN] DbFile:31 - Overriding database path with different value: C:\Users\tamod\.stmcufinder\plugins\mcufinder/ => C:\Users\tamod\.stmcufinder\plugins\mcufinder
2020-02-18 01:09:33,875 [INFO] DbMcusDocs:92 - Set database path to: C:\Users\tamod\.stmcufinder\plugins\mcufinder//mcu/
2020-02-18 01:09:33,875 [WARN] DbFile:31 - Overriding database path with different value: C:\Users\tamod\.stmcufinder\plugins\mcufinder/ => C:\Users\tamod\.stmcufinder\plugins\mcufinder
2020-02-18 01:09:33,875 [INFO] DbMcusJson:59 - Set database path to: C:\Users\tamod\.stmcufinder\plugins\mcufinder//mcu/
2020-02-18 01:09:33,875 [WARN] DbFile:31 - Overriding database path with different value: C:\Users\tamod\.stmcufinder\plugins\mcufinder/ => C:\Users\tamod\.stmcufinder\plugins\mcufinder
2020-02-18 01:09:33,876 [INFO] DbBoardsDocs:84 - Set database path to: C:\Users\tamod\.stmcufinder\plugins\mcufinder//mcu/
2020-02-18 01:09:33,876 [WARN] DbFile:31 - Overriding database path with different value: C:\Users\tamod\.stmcufinder\plugins\mcufinder/ => C:\Users\tamod\.stmcufinder\plugins\mcufinder
2020-02-18 01:09:33,876 [INFO] DbBoardsJson:51 - Set database path to: C:\Users\tamod\.stmcufinder\plugins\mcufinder//mcu/
2020-02-18 01:09:33,876 [WARN] DbFile:31 - Overriding database path with different value: C:\Users\tamod\.stmcufinder\plugins\mcufinder/ => C:\Users\tamod\.stmcufinder\plugins\mcufinder
2020-02-18 01:09:33,876 [WARN] DbFile:31 - Overriding database path with different value: C:\Users\tamod\.stmcufinder\plugins\mcufinder/ => C:\Users\tamod\.stmcufinder\plugins\mcufinder
2020-02-18 01:09:33,877 [INFO] CrossReferenceDbSqlite:197 - Set database path to: C:\Users\tamod\.stmcufinder\plugins\mcufinder//mcu/cs/
2020-02-18 01:09:33,926 [INFO] ApplicationProperties:181 - Using Application install path: D:\ST\STM32CubeIDE_1.1.0\STM32CubeIDE\plugins\com.st.stm32cube.common.mx_5.5.0.201912201511
2020-02-18 01:09:33,928 [INFO] PluginManage:178 - Search for loadable plugins [exclusion list=]
2020-02-18 01:09:33,929 [INFO] PluginManage:292 - Check plugin analytics
2020-02-18 01:09:33,935 [INFO] PluginManage:342 - Loaded plugin analytics (category:tool,tabindex:-1)
2020-02-18 01:09:33,936 [INFO] PluginManage:292 - Check plugin clock
2020-02-18 01:09:33,944 [INFO] PluginManage:342 - Loaded plugin clock (category:base,tabindex:2)
2020-02-18 01:09:33,945 [INFO] PluginManage:292 - Check plugin ddr
2020-02-18 01:09:33,947 [INFO] PluginManage:342 - Loaded plugin ddr (category:tool,tabindex:6)
2020-02-18 01:09:33,947 [INFO] PluginManage:292 - Check plugin filemanager
2020-02-18 01:09:34,082 [INFO] PluginManage:342 - Loaded plugin filemanager (category:base,tabindex:10)
2020-02-18 01:09:34,082 [INFO] PluginManage:292 - Check plugin ipmanager
2020-02-18 01:09:34,090 [INFO] PluginManage:342 - Loaded plugin ipmanager (category:base,tabindex:5)
2020-02-18 01:09:34,090 [INFO] PluginManage:292 - Check plugin pinoutandconfiguration
2020-02-18 01:09:34,099 [INFO] PluginManage:342 - Loaded plugin pinoutandconfiguration (category:base,tabindex:1)
2020-02-18 01:09:34,099 [INFO] PluginManage:292 - Check plugin pinoutconfig
2020-02-18 01:09:34,121 [INFO] PluginManage:342 - Loaded plugin pinoutconfig (category:base,tabindex:0)
2020-02-18 01:09:34,121 [INFO] PluginManage:292 - Check plugin power
2020-02-18 01:09:34,129 [INFO] PluginManage:342 - Loaded plugin power (category:power,tabindex:4)
2020-02-18 01:09:34,130 [INFO] PluginManage:292 - Check plugin projectmanager
2020-02-18 01:09:34,142 [INFO] PluginManage:342 - Loaded plugin projectmanager (category:projectmanager,tabindex:3)
2020-02-18 01:09:34,143 [INFO] PluginManage:292 - Check plugin thirdparty
2020-02-18 01:09:34,206 [INFO] ThirdPartyDb:295 - Open Third Party DataBase File (C:/Users/tamod/.stm32cubemx/plugins/thirdparty/db/thirdparties_db.xml) : 27 ms. number of Sw pack : 13
2020-02-18 01:09:34,234 [INFO] PluginManage:342 - Loaded plugin thirdparty (category:base,tabindex:-1)
2020-02-18 01:09:34,234 [INFO] PluginManage:292 - Check plugin tools
2020-02-18 01:09:34,236 [INFO] PluginManage:342 - Loaded plugin tools (category:base,tabindex:7)
2020-02-18 01:09:34,236 [INFO] PluginManage:292 - Check plugin updater
2020-02-18 01:09:34,249 [INFO] PluginManage:342 - Loaded plugin updater (category:base,tabindex:12)
2020-02-18 01:09:34,249 [INFO] PluginManage:265 - PluginManage : Loaded plugins [12]
2020-02-18 01:09:34,437 [INFO] PinOutPanel:1399 - setPackage(No Configuration,No Configuration)
2020-02-18 01:09:34,561 [INFO] IPUIPlugin:65 - create IPUIPlugin
2020-02-18 01:09:34,562 [INFO] PluginManager:200 - loadIPPluginJar : add adc
2020-02-18 01:09:34,564 [INFO] IPUIPlugin:65 - create IPUIPlugin
2020-02-18 01:09:34,564 [INFO] PluginManager:200 - loadIPPluginJar : add aes
2020-02-18 01:09:34,567 [INFO] IPUIPlugin:65 - create IPUIPlugin
2020-02-18 01:09:34,567 [INFO] PluginManager:200 - loadIPPluginJar : add can
2020-02-18 01:09:34,569 [INFO] IPUIPlugin:65 - create IPUIPlugin
2020-02-18 01:09:34,570 [INFO] PluginManager:200 - loadIPPluginJar : add comp
2020-02-18 01:09:34,572 [INFO] IPUIPlugin:65 - create IPUIPlugin
2020-02-18 01:09:34,573 [INFO] PluginManager:200 - loadIPPluginJar : add cryp
2020-02-18 01:09:34,575 [INFO] IPUIPlugin:65 - create IPUIPlugin
2020-02-18 01:09:34,575 [INFO] PluginManager:200 - loadIPPluginJar : add dfsdm
2020-02-18 01:09:34,578 [INFO] IPUIPlugin:65 - create IPUIPlugin
2020-02-18 01:09:34,578 [INFO] PluginManager:200 - loadIPPluginJar : add dma
2020-02-18 01:09:34,581 [INFO] IPUIPlugin:65 - create IPUIPlugin
2020-02-18 01:09:34,581 [INFO] PluginManager:200 - loadIPPluginJar : add fatfs
2020-02-18 01:09:34,585 [INFO] IPUIPlugin:65 - create IPUIPlugin
2020-02-18 01:09:34,585 [INFO] PluginManager:200 - loadIPPluginJar : add fmc
2020-02-18 01:09:34,590 [INFO] IPUIPlugin:65 - create IPUIPlugin
2020-02-18 01:09:34,591 [INFO] PluginManager:200 - loadIPPluginJar : add freertos
2020-02-18 01:09:34,594 [INFO] IPUIPlugin:65 - create IPUIPlugin
2020-02-18 01:09:34,594 [INFO] PluginManager:200 - loadIPPluginJar : add genericplugin
2020-02-18 01:09:34,597 [INFO] IPUIPlugin:65 - create IPUIPlugin
2020-02-18 01:09:34,597 [INFO] PluginManager:200 - loadIPPluginJar : add gfxmmu
2020-02-18 01:09:34,600 [INFO] IPUIPlugin:65 - create IPUIPlugin
2020-02-18 01:09:34,601 [INFO] PluginManager:200 - loadIPPluginJar : add gfxsimulator
2020-02-18 01:09:34,603 [INFO] IPUIPlugin:65 - create IPUIPlugin
2020-02-18 01:09:34,604 [INFO] PluginManager:200 - loadIPPluginJar : add gic
2020-02-18 01:09:34,607 [INFO] IPUIPlugin:65 - create IPUIPlugin
2020-02-18 01:09:34,607 [INFO] PluginManager:200 - loadIPPluginJar : add gpio
2020-02-18 01:09:34,609 [INFO] IPUIPlugin:65 - create IPUIPlugin
2020-02-18 01:09:34,610 [INFO] PluginManager:200 - loadIPPluginJar : add gtzc
2020-02-18 01:09:34,614 [INFO] IPUIPlugin:65 - create IPUIPlugin
2020-02-18 01:09:34,614 [INFO] PluginManager:200 - loadIPPluginJar : add hash
2020-02-18 01:09:34,616 [INFO] IPUIPlugin:65 - create IPUIPlugin
2020-02-18 01:09:34,617 [INFO] PluginManager:200 - loadIPPluginJar : add i2c
2020-02-18 01:09:34,618 [INFO] IPUIPlugin:65 - create IPUIPlugin
2020-02-18 01:09:34,619 [INFO] PluginManager:200 - loadIPPluginJar : add i2s
2020-02-18 01:09:34,621 [INFO] IPUIPlugin:65 - create IPUIPlugin
2020-02-18 01:09:34,621 [INFO] PluginManager:200 - loadIPPluginJar : add ipddr
2020-02-18 01:09:34,623 [INFO] IPUIPlugin:65 - create IPUIPlugin
2020-02-18 01:09:34,623 [INFO] PluginManager:200 - loadIPPluginJar : add ltdc
2020-02-18 01:09:34,625 [INFO] IPUIPlugin:65 - create IPUIPlugin
2020-02-18 01:09:34,626 [INFO] PluginManager:200 - loadIPPluginJar : add mdma
2020-02-18 01:09:34,628 [INFO] IPUIPlugin:65 - create IPUIPlugin
2020-02-18 01:09:34,628 [INFO] PluginManager:200 - loadIPPluginJar : add nvic
2020-02-18 01:09:34,630 [INFO] IPUIPlugin:65 - create IPUIPlugin
2020-02-18 01:09:34,630 [INFO] PluginManager:200 - loadIPPluginJar : add opamp
2020-02-18 01:09:34,632 [INFO] IPUIPlugin:65 - create IPUIPlugin
2020-02-18 01:09:34,632 [INFO] PluginManager:200 - loadIPPluginJar : add pdm2pcm
2020-02-18 01:09:34,634 [INFO] IPUIPlugin:65 - create IPUIPlugin
2020-02-18 01:09:34,643 [INFO] PluginManager:200 - loadIPPluginJar : add plateformsettings
2020-02-18 01:09:34,645 [INFO] IPUIPlugin:65 - create IPUIPlugin
2020-02-18 01:09:34,645 [INFO] PluginManager:200 - loadIPPluginJar : add quadspi
2020-02-18 01:09:34,647 [INFO] IPUIPlugin:65 - create IPUIPlugin
2020-02-18 01:09:34,648 [INFO] PluginManager:200 - loadIPPluginJar : add resmgrutility
2020-02-18 01:09:34,649 [INFO] IPUIPlugin:65 - create IPUIPlugin
2020-02-18 01:09:34,649 [INFO] PluginManager:200 - loadIPPluginJar : add sai
2020-02-18 01:09:34,651 [INFO] IPUIPlugin:65 - create IPUIPlugin
2020-02-18 01:09:34,651 [INFO] PluginManager:200 - loadIPPluginJar : add spi
2020-02-18 01:09:34,653 [INFO] IPUIPlugin:65 - create IPUIPlugin
2020-02-18 01:09:34,653 [INFO] PluginManager:200 - loadIPPluginJar : add stm32_wpan
2020-02-18 01:09:34,655 [INFO] IPUIPlugin:65 - create IPUIPlugin
2020-02-18 01:09:34,655 [INFO] PluginManager:200 - loadIPPluginJar : add tim
2020-02-18 01:09:34,658 [INFO] IPUIPlugin:65 - create IPUIPlugin
2020-02-18 01:09:34,658 [INFO] PluginManager:200 - loadIPPluginJar : add touchsensing
2020-02-18 01:09:34,660 [INFO] IPUIPlugin:65 - create IPUIPlugin
2020-02-18 01:09:34,660 [INFO] PluginManager:200 - loadIPPluginJar : add tracer_emb
2020-02-18 01:09:34,662 [INFO] IPUIPlugin:65 - create IPUIPlugin
2020-02-18 01:09:34,662 [INFO] PluginManager:200 - loadIPPluginJar : add ts
2020-02-18 01:09:34,663 [INFO] IPUIPlugin:65 - create IPUIPlugin
2020-02-18 01:09:34,663 [INFO] PluginManager:200 - loadIPPluginJar : add tsc
2020-02-18 01:09:34,665 [INFO] IPUIPlugin:65 - create IPUIPlugin
2020-02-18 01:09:34,665 [INFO] PluginManager:200 - loadIPPluginJar : add ucpd
2020-02-18 01:09:34,667 [INFO] IPUIPlugin:65 - create IPUIPlugin
2020-02-18 01:09:34,667 [INFO] PluginManager:200 - loadIPPluginJar : add usart
2020-02-18 01:09:35,085 [INFO] BoardConnectionPanel:226 - [DDR PANEL] osNameString: Windows
2020-02-18 01:09:35,237 [INFO] BoardConnectionPanel:3472 - [DDR PANEL] STM32CubeIDE environment
2020-02-18 01:09:35,237 [INFO] MainDdrPanel:103 - [DDR PANEL] GETTER - cubeProgrammerPath is: null
2020-02-18 01:09:35,439 [FATAL] Updater:277 - Updater called before beeing initialized
2020-02-18 01:09:35,715 [FATAL] Updater:277 - Updater called before beeing initialized
2020-02-18 01:09:35,719 [INFO] PinOutPanel:1399 - setPackage(No Configuration,No Configuration)
2020-02-18 01:09:35,719 [FATAL] Updater:277 - Updater called before beeing initialized
2020-02-18 01:09:35,723 [INFO] BoardConnectionPanel:3472 - [DDR PANEL] STM32CubeIDE environment
2020-02-18 01:09:35,723 [INFO] MainDdrPanel:103 - [DDR PANEL] GETTER - cubeProgrammerPath is: D:\ST\STM32CubeIDE_1.1.0\STM32CubeIDE\plugins\com.st.stm32cube.ide.mcu.externaltools.cubeprogrammer.win32_1.1.0.201910081157\tools\bin
2020-02-18 01:09:35,728 [INFO] ProgrammerExecThread:148 - [ProgrammerAPI] CubeProgrammer command construction: D:\ST\STM32CubeIDE_1.1.0\STM32CubeIDE\plugins\com.st.stm32cube.ide.mcu.externaltools.cubeprogrammer.win32_1.1.0.201910081157\tools\bin\STM32_Programmer_CLI.exe -l
2020-02-18 01:09:35,950 [INFO] MainDdrPanel:93 - [DDR PANEL] SETTER - Set cubeProgrammerPath to: D:\ST\STM32CubeIDE_1.1.0\STM32CubeIDE\plugins\com.st.stm32cube.ide.mcu.externaltools.cubeprogrammer.win32_1.1.0.201910081157\tools\bin
2020-02-18 01:09:36,000 [INFO] Updater:886 - Updater Version found : 5.5.0
2020-02-18 01:09:36,009 [INFO] ApplicationProperties:181 - Using Application install path: D:\ST\STM32CubeIDE_1.1.0\STM32CubeIDE\plugins\com.st.stm32cube.common.mx_5.5.0.201912201511
2020-02-18 01:09:36,652 [INFO] MainUpdater:2230 - connection check result : 10
2020-02-18 01:09:36,653 [INFO] MainUpdater:236 - Updater Check For Update Now.
2020-02-18 01:09:36,653 [INFO] MicroXplorer:420 - Change Database Version : DB.5.0.50
2020-02-18 01:09:36,706 [INFO] CheckServerUpdateThread:92 - End of CheckServer Thread
2020-02-18 01:09:37,260 [INFO] ThirdPartyDb:261 - Close Third Party DataBase File (C:/Users/tamod/.stm32cubemx/plugins/thirdparty/db/thirdparties_db.xml)
2020-02-18 01:09:37,298 [INFO] IntegrityCheckThread:98 - End integrity checks thread
2020-02-18 01:09:51,015 [INFO] MainUpdater:2230 - connection check result : 10
2020-02-18 01:09:51,017 [INFO] LogOutputStream:76 - [STDOUT_REDIRECT] Successfull proxy connection.
2020-02-18 01:09:51,191 [INFO] McuFinderGlobals:40 - Set McuFinder mode to 2 (CubeIDE integrated)
2020-02-18 01:09:51,210 [INFO] FinderPluginLoader:86 - Searching for filters in installed packs
2020-02-18 01:09:51,212 [INFO] DbMcusXml:107 - Load MCU database from D:\ST\STM32CubeIDE_1.1.0\STM32CubeIDE\plugins\com.st.stm32cube.common.mx_5.5.0.201912201511\\db\/mcu/families.xml
2020-02-18 01:09:51,804 [INFO] DbMcusJson:87 - JSON generation date=Wed Feb 12 00:02:54 JST 2020 (1581433374)
2020-02-18 01:09:52,513 [INFO] DbMcus:192 - Found 1628 MCUs (1588 are supported by CubeMX, 1588 are visible in CubeMX)
2020-02-18 01:09:52,514 [INFO] ApiDb:158 - Load user favorites file C:\Users\tamod/.stm32cubeide/favorites.mcus.txt: 0 item(s)
2020-02-18 01:09:52,514 [INFO] ApiDb:163 - User favorites MCUs=[]
2020-02-18 01:09:52,514 [INFO] DbMcus:203 - Set 0 / 0 favorites MCUs
2020-02-18 01:09:53,073 [INFO] DbMcusAds:130 - JSON generation date=Thu Feb 21 01:46:15 JST 2019 (1550681175)
2020-02-18 01:09:53,075 [INFO] LoadUrlFilesThread:161 - End of LoadServerUrlFiles without Thread
2020-02-18 01:09:53,138 [INFO] McuDetailPanel:181 - Set advertising image to C:/Users/tamod/STM32Cube/Repository/\PRSTM32MP10219-01-med.jpg
2020-02-18 01:09:53,657 [INFO] McuFilterPanel:282 - Update 0 favorites MCUs
2020-02-18 01:09:53,788 [INFO] DbBoardsPdsc:92 - Found 21 items
2020-02-18 01:09:53,789 [INFO] DbBoardsPdsc:92 - Found 9 items
2020-02-18 01:09:53,792 [INFO] DbBoardsPdsc:92 - Found 27 items
2020-02-18 01:09:53,793 [INFO] DbBoardsPdsc:92 - Found 1 items
2020-02-18 01:09:53,797 [INFO] DbBoardsPdsc:92 - Found 40 items
2020-02-18 01:09:53,802 [INFO] DbBoardsPdsc:92 - Found 39 items
2020-02-18 01:09:53,803 [INFO] DbBoardsPdsc:92 - Found 2 items
2020-02-18 01:09:53,804 [INFO] DbBoardsPdsc:92 - Found 4 items
2020-02-18 01:09:53,809 [WARN] DbBoardsPdsc:256 - Board STM32H7B3I-DK: unknown feature type=Audio, name=, username=Audio stereo codec with Headphone Amp (CS42L51-CNZ), n=1
2020-02-18 01:09:53,809 [WARN] DbBoardsPdsc:256 - Board STM32H7B3I-DK: unknown feature type=WIFI, name=, username=WIFI 802.11 b/g/n, n=1
2020-02-18 01:09:53,810 [WARN] DbBoardsPdsc:256 - Board STM32H7B3I-EVAL: unknown feature type=Audio, name=, username=Multi-Channel Audio Codec (CS42L51-CNZ), n=1
2020-02-18 01:09:53,810 [WARN] DbBoardsPdsc:256 - Board STM32H7B3I-EVAL: unknown feature type=Meter, name=, username=Power-metering and Temperature-monitoring with sigma-delta modulators, n=1
2020-02-18 01:09:53,810 [WARN] DbBoardsPdsc:256 - Board STM32H7B3I-EVAL: unknown feature type=WIFI, name=, username=WIFI 802.11 a/b/g/n, n=1
2020-02-18 01:09:53,810 [WARN] DbBoardsPdsc:256 - Board STM32H7B3I-EVAL: unknown feature type=Motor, name=, username=Motor Control, n=1
2020-02-18 01:09:53,811 [WARN] DbBoardsPdsc:256 - Board STEVAL-IDP005V1: unknown feature type=PWRSock, name=Power Socket, username=IO-Link 4-position M12 A-coded connector, n=1
2020-02-18 01:09:53,811 [WARN] DbBoardsPdsc:256 - Board STEVAL-IDP005V2: unknown feature type=PWRSock, name=Power Socket, username=IO-Link 4-position M12 A-coded connector, n=1
2020-02-18 01:09:53,858 [INFO] DbBoardsJson:79 - JSON generation date=Tue Feb 11 22:53:55 JST 2020 (1581429235)
2020-02-18 01:09:53,864 [INFO] DbBoards:120 - Found 144 boards (140 are supported by CubeMX)
2020-02-18 01:09:53,907 [INFO] DbBoardsDocs:118 - JSON generation date=Wed Feb 12 00:02:54 JST 2020 (1581433374)
2020-02-18 01:09:53,926 [INFO] DbBoardsDocs:57 - Found 173 boards documents
2020-02-18 01:09:53,927 [WARN] DbBoards:130 - board NUCLEO-H743ZI2 has no document id list !
2020-02-18 01:09:53,927 [WARN] DbBoards:130 - board NUCLEO-L4P5ZG has no document id list !
2020-02-18 01:09:53,928 [WARN] DbBoards:130 - board P-NUCLEO-WB55-Nucleo has no document id list !
2020-02-18 01:09:53,928 [WARN] DbBoards:130 - board P-NUCLEO-WB55-USBDongle has no document id list !
2020-02-18 01:09:53,929 [WARN] DbBoards:130 - board STM32F401C-DISCO has no document id list !
2020-02-18 01:09:53,929 [WARN] DbBoards:130 - board STM32F769I-DISC1 has no document id list !
2020-02-18 01:09:53,929 [WARN] DbBoards:130 - board STM32L-DISCOVERY has no document id list !
2020-02-18 01:09:53,930 [WARN] DbBoards:130 - board STM32H747I-DISC1 has no document id list !
2020-02-18 01:09:53,930 [WARN] DbBoards:130 - board STM32MP157A-DK1 has no document id list !
2020-02-18 01:09:53,930 [WARN] DbBoards:130 - board STM32L4P5G-DK has no document id list !
2020-02-18 01:09:53,931 [WARN] DbBoards:130 - board STM32100E-EVAL has no document id list !
2020-02-18 01:09:53,931 [WARN] DbBoards:130 - board STM32303C-EVAL has no document id list !
2020-02-18 01:09:53,931 [WARN] DbBoards:130 - board STM32L152D-EVAL has no document id list !
2020-02-18 01:09:53,931 [WARN] DbBoards:130 - board STM32H743I-EVAL2 has no document id list !
2020-02-18 01:09:53,932 [WARN] DbBoards:130 - board STM32H753I-EVAL2 has no document id list !
2020-02-18 01:09:53,932 [WARN] DbBoards:130 - board STM32G474E-EVAL1 has no document id list !
2020-02-18 01:09:53,932 [WARN] DbBoards:130 - board STEVAL-BFA001V1B has no document id list !
2020-02-18 01:09:53,932 [WARN] DbBoards:130 - board STEVAL-BFA001V2B has no document id list !
2020-02-18 01:09:53,933 [WARN] DbBoards:130 - board STEVAL-MKSBOX1V1 has no document id list !
2020-02-18 01:09:53,933 [WARN] DbBoards:130 - board STEVAL-STWINKT1 has no document id list !
2020-02-18 01:09:53,933 [WARN] DbBoards:130 - board STEVAL-IDP005V1 has no document id list !
2020-02-18 01:09:53,933 [WARN] DbBoards:130 - board STEVAL-IDP005V2 has no document id list !
2020-02-18 01:09:54,251 [ERROR] DbBoards:192 - Image file not found for board P-NUCLEO-WB55: D:\ST\STM32CubeIDE_1.1.0\STM32CubeIDE\plugins\com.st.stm32cube.common.mx_5.5.0.201912201511\\db\/plugins/mcufinder/images/boards/p-nucleo-wb55_small.jpg
2020-02-18 01:09:54,954 [INFO] ApiDb:158 - Load user favorites file C:\Users\tamod/.stm32cubeide/favorites.boards.txt: 0 item(s)
2020-02-18 01:09:54,955 [INFO] ApiDb:163 - User favorites Boards=[]
2020-02-18 01:09:54,955 [INFO] DbBoards:209 - Set 0 / 0 favorites Boards
2020-02-18 01:09:55,024 [INFO] LoadUrlFilesThread:161 - End of LoadServerUrlFiles without Thread
2020-02-18 01:09:55,025 [INFO] BoardDetailPanel:179 - Set advertising image to C:/Users/tamod/STM32Cube/Repository/\PRSTM32MP10219-01-med.jpg
2020-02-18 01:09:55,049 [INFO] BoardFilterPanel:211 - Update 0 favorites Boards
2020-02-18 01:09:55,174 [INFO] CrossSelectorPresenter:1319 - Cross Selector saved comparison directory: C:\Users\tamod\.stmcufinder\plugins\mcufinder\mcu\cs_comparisons_mx
2020-02-18 01:10:04,583 [INFO] DbMcusDocs:126 - JSON generation date=Wed Feb 12 00:02:54 JST 2020 (1581433374)
2020-02-18 01:10:04,666 [INFO] DbMcusDocs:61 - Found 571 MCUs documents
